{
  "stats": {
    "suites": 1,
    "tests": 7,
    "passes": 7,
    "pending": 0,
    "failures": 0,
    "start": "2021-05-21T23:10:33.698Z",
    "end": "2021-05-21T23:10:34.806Z",
    "duration": 1108,
    "testsRegistered": 7,
    "passPercent": 100,
    "pendingPercent": 0,
    "other": 0,
    "hasOther": false,
    "skipped": 0,
    "hasSkipped": false
  },
  "results": [
    {
      "uuid": "4955ea53-ac8e-49fe-b5f4-4281b71e0f46",
      "title": "",
      "fullFile": "",
      "file": "",
      "beforeHooks": [],
      "afterHooks": [],
      "tests": [],
      "suites": [
        {
          "uuid": "99b84b12-c1ea-4b22-bf95-a07ee275d76b",
          "title": "E2E test covering the whole workflow",
          "fullFile": "/Users/varunmalik/Documents/autoTest/specs/e2eTest.js",
          "file": "/specs/e2eTest.js",
          "beforeHooks": [],
          "afterHooks": [],
          "tests": [
            {
              "title": "Validate Api Key",
              "fullTitle": "E2E test covering the whole workflow Validate Api Key",
              "timedOut": false,
              "duration": 26,
              "state": "passed",
              "speed": "fast",
              "pass": true,
              "fail": false,
              "pending": false,
              "context": null,
              "code": "baseUrl.submitRequest(done, params);",
              "err": {},
              "uuid": "f6dfc70a-5fc9-4e87-9581-9b18ef9a789b",
              "parentUUID": "99b84b12-c1ea-4b22-bf95-a07ee275d76b",
              "isHook": false,
              "skipped": false
            },
            {
              "title": "Register a New User",
              "fullTitle": "E2E test covering the whole workflow Register a New User",
              "timedOut": false,
              "duration": 522,
              "state": "passed",
              "speed": "slow",
              "pass": true,
              "fail": false,
              "pending": false,
              "context": null,
              "code": "registerUser.submitRequest(done, params);",
              "err": {},
              "uuid": "a74e79a3-154f-48f4-941e-a22d5e4a1c8a",
              "parentUUID": "99b84b12-c1ea-4b22-bf95-a07ee275d76b",
              "isHook": false,
              "skipped": false
            },
            {
              "title": "Generate Login Token",
              "fullTitle": "E2E test covering the whole workflow Generate Login Token",
              "timedOut": false,
              "duration": 539,
              "state": "passed",
              "speed": "slow",
              "pass": true,
              "fail": false,
              "pending": false,
              "context": null,
              "code": "tokens.submitRequest(done, params);",
              "err": {},
              "uuid": "66f61945-0df5-48bd-a0da-243b9733fb36",
              "parentUUID": "99b84b12-c1ea-4b22-bf95-a07ee275d76b",
              "isHook": false,
              "skipped": false
            },
            {
              "title": "Add New Gift Card",
              "fullTitle": "E2E test covering the whole workflow Add New Gift Card",
              "timedOut": false,
              "duration": 4,
              "state": "passed",
              "speed": "fast",
              "pass": true,
              "fail": false,
              "pending": false,
              "context": null,
              "code": "addNewGiftCard.submitRequest(done, params);",
              "err": {},
              "uuid": "27c92ae2-483f-484e-b06a-b819e43bb47b",
              "parentUUID": "99b84b12-c1ea-4b22-bf95-a07ee275d76b",
              "isHook": false,
              "skipped": false
            },
            {
              "title": "Get All Gift Cards",
              "fullTitle": "E2E test covering the whole workflow Get All Gift Cards",
              "timedOut": false,
              "duration": 2,
              "state": "passed",
              "speed": "fast",
              "pass": true,
              "fail": false,
              "pending": false,
              "context": null,
              "code": "getGiftCards.submitRequest(done, params);",
              "err": {},
              "uuid": "a08649fe-13b7-46df-b7b2-5354f2e6de24",
              "parentUUID": "99b84b12-c1ea-4b22-bf95-a07ee275d76b",
              "isHook": false,
              "skipped": false
            },
            {
              "title": "Get a Specific Gift Cards by ID",
              "fullTitle": "E2E test covering the whole workflow Get a Specific Gift Cards by ID",
              "timedOut": false,
              "duration": 3,
              "state": "passed",
              "speed": "fast",
              "pass": true,
              "fail": false,
              "pending": false,
              "context": null,
              "code": "getSpecificGiftCard.submitRequest(done, params);",
              "err": {},
              "uuid": "e2217287-1727-4f3b-9a58-60966aeee705",
              "parentUUID": "99b84b12-c1ea-4b22-bf95-a07ee275d76b",
              "isHook": false,
              "skipped": false
            },
            {
              "title": "Delete a Specific Gift Card by ID",
              "fullTitle": "E2E test covering the whole workflow Delete a Specific Gift Card by ID",
              "timedOut": false,
              "duration": 2,
              "state": "passed",
              "speed": "fast",
              "pass": true,
              "fail": false,
              "pending": false,
              "context": null,
              "code": "deleteCard.submitRequest(done, params);",
              "err": {},
              "uuid": "3970fbc4-9698-42f3-80e0-f1ed5e4b66b7",
              "parentUUID": "99b84b12-c1ea-4b22-bf95-a07ee275d76b",
              "isHook": false,
              "skipped": false
            }
          ],
          "suites": [],
          "passes": [
            "f6dfc70a-5fc9-4e87-9581-9b18ef9a789b",
            "a74e79a3-154f-48f4-941e-a22d5e4a1c8a",
            "66f61945-0df5-48bd-a0da-243b9733fb36",
            "27c92ae2-483f-484e-b06a-b819e43bb47b",
            "a08649fe-13b7-46df-b7b2-5354f2e6de24",
            "e2217287-1727-4f3b-9a58-60966aeee705",
            "3970fbc4-9698-42f3-80e0-f1ed5e4b66b7"
          ],
          "failures": [],
          "pending": [],
          "skipped": [],
          "duration": 1098,
          "root": false,
          "rootEmpty": false,
          "_timeout": 2000
        }
      ],
      "passes": [],
      "failures": [],
      "pending": [],
      "skipped": [],
      "duration": 0,
      "root": true,
      "rootEmpty": true,
      "_timeout": 2000
    }
  ],
  "meta": {
    "mocha": {
      "version": "8.4.0"
    },
    "mochawesome": {
      "options": {
        "quiet": false,
        "reportFilename": "mochawesome",
        "saveHtml": true,
        "saveJson": true,
        "consoleReporter": "spec",
        "useInlineDiffs": false,
        "code": true
      },
      "version": "6.2.2"
    },
    "marge": {
      "options": null,
      "version": "5.2.0"
    }
  }
}