{
  "stats": {
    "suites": 1,
    "tests": 1,
    "passes": 0,
    "pending": 0,
    "failures": 1,
    "start": "2021-05-21T19:11:43.990Z",
    "end": "2021-05-21T19:11:44.036Z",
    "duration": 46,
    "testsRegistered": 7,
    "passPercent": 0,
    "pendingPercent": 0,
    "other": 0,
    "hasOther": false,
    "skipped": 6,
    "hasSkipped": true
  },
  "results": [
    {
      "uuid": "707bed29-d97a-4a96-a9c2-2e12e8394006",
      "title": "",
      "fullFile": "",
      "file": "",
      "beforeHooks": [],
      "afterHooks": [],
      "tests": [],
      "suites": [
        {
          "uuid": "470a49bb-702f-48f2-8481-1b830abc4cee",
          "title": "E2E test covering the whole workflow",
          "fullFile": "/Users/vmalik/Documents/workspace/autoTest/specs/e2eTest.js",
          "file": "/specs/e2eTest.js",
          "beforeHooks": [],
          "afterHooks": [],
          "tests": [
            {
              "title": "Validate Api Key",
              "fullTitle": "E2E test covering the whole workflow Validate Api Key",
              "timedOut": false,
              "duration": 0,
              "state": null,
              "speed": null,
              "pass": false,
              "fail": false,
              "pending": false,
              "context": null,
              "code": "baseUrl.submitRequest(done, params);",
              "err": {},
              "uuid": "c7d45e7f-10c4-4ac0-9663-81f02b3cb85b",
              "parentUUID": "470a49bb-702f-48f2-8481-1b830abc4cee",
              "isHook": false,
              "skipped": true
            },
            {
              "title": "Register a New User",
              "fullTitle": "E2E test covering the whole workflow Register a New User",
              "timedOut": false,
              "duration": 0,
              "state": null,
              "speed": null,
              "pass": false,
              "fail": false,
              "pending": false,
              "context": null,
              "code": "registerUser.submitRequest(done, params);",
              "err": {},
              "uuid": "275276f1-4565-4fac-80ef-860e9b55e395",
              "parentUUID": "470a49bb-702f-48f2-8481-1b830abc4cee",
              "isHook": false,
              "skipped": true
            },
            {
              "title": "Generate Login Token",
              "fullTitle": "E2E test covering the whole workflow Generate Login Token",
              "timedOut": false,
              "duration": 0,
              "state": null,
              "speed": null,
              "pass": false,
              "fail": false,
              "pending": false,
              "context": null,
              "code": "tokens.submitRequest(done, params);",
              "err": {},
              "uuid": "63ad87fa-fcae-4c71-a966-f647abbb5087",
              "parentUUID": "470a49bb-702f-48f2-8481-1b830abc4cee",
              "isHook": false,
              "skipped": true
            },
            {
              "title": "Add New Gift Card",
              "fullTitle": "E2E test covering the whole workflow Add New Gift Card",
              "timedOut": false,
              "duration": 0,
              "state": null,
              "speed": null,
              "pass": false,
              "fail": false,
              "pending": false,
              "context": null,
              "code": "addNewGiftCard.submitRequest(done, params);",
              "err": {},
              "uuid": "72746618-0ca1-4298-bdc7-5920729d9d13",
              "parentUUID": "470a49bb-702f-48f2-8481-1b830abc4cee",
              "isHook": false,
              "skipped": true
            },
            {
              "title": "Get All Gift Cards",
              "fullTitle": "E2E test covering the whole workflow Get All Gift Cards",
              "timedOut": false,
              "duration": 0,
              "state": null,
              "speed": null,
              "pass": false,
              "fail": false,
              "pending": false,
              "context": null,
              "code": "getGiftCards.submitRequest(done, params);",
              "err": {},
              "uuid": "278b64c7-ba06-41b2-a802-b1119f508f0a",
              "parentUUID": "470a49bb-702f-48f2-8481-1b830abc4cee",
              "isHook": false,
              "skipped": true
            },
            {
              "title": "Get a Specific Gift Cards by ID",
              "fullTitle": "E2E test covering the whole workflow Get a Specific Gift Cards by ID",
              "timedOut": false,
              "duration": 0,
              "state": null,
              "speed": null,
              "pass": false,
              "fail": false,
              "pending": false,
              "context": null,
              "code": "getSpecificGiftCard.submitRequest(done, params);",
              "err": {},
              "uuid": "420163cd-1180-4755-b239-839af1ac124e",
              "parentUUID": "470a49bb-702f-48f2-8481-1b830abc4cee",
              "isHook": false,
              "skipped": true
            },
            {
              "title": "Delete a Specific Gift Card by ID",
              "fullTitle": "E2E test covering the whole workflow Delete a Specific Gift Card by ID",
              "timedOut": false,
              "duration": 31,
              "state": "failed",
              "speed": null,
              "pass": false,
              "fail": true,
              "pending": false,
              "context": null,
              "code": "deleteCard.submitRequest(done, params);",
              "err": {
                "message": "Error: Request failed with status code 400",
                "estack": "Error: Request failed with status code 400\n    at createError (node_modules/axios/lib/core/createError.js:16:15)\n    at settle (node_modules/axios/lib/core/settle.js:17:12)\n    at IncomingMessage.handleStreamEnd (node_modules/axios/lib/adapters/http.js:260:11)\n    at endReadableNT (_stream_readable.js:1218:12)\n    at processTicksAndRejections (internal/process/task_queues.js:84:21)",
                "diff": null
              },
              "uuid": "818afe49-673e-4fed-ae1b-86ba1ec23766",
              "parentUUID": "470a49bb-702f-48f2-8481-1b830abc4cee",
              "isHook": false,
              "skipped": false
            }
          ],
          "suites": [],
          "passes": [],
          "failures": [
            "818afe49-673e-4fed-ae1b-86ba1ec23766"
          ],
          "pending": [],
          "skipped": [
            "c7d45e7f-10c4-4ac0-9663-81f02b3cb85b",
            "275276f1-4565-4fac-80ef-860e9b55e395",
            "63ad87fa-fcae-4c71-a966-f647abbb5087",
            "72746618-0ca1-4298-bdc7-5920729d9d13",
            "278b64c7-ba06-41b2-a802-b1119f508f0a",
            "420163cd-1180-4755-b239-839af1ac124e"
          ],
          "duration": 31,
          "root": false,
          "rootEmpty": false,
          "_timeout": 2000
        }
      ],
      "passes": [],
      "failures": [],
      "pending": [],
      "skipped": [],
      "duration": 0,
      "root": true,
      "rootEmpty": true,
      "_timeout": 2000
    }
  ],
  "meta": {
    "mocha": {
      "version": "8.4.0"
    },
    "mochawesome": {
      "options": {
        "quiet": false,
        "reportFilename": "mochawesome",
        "saveHtml": true,
        "saveJson": true,
        "consoleReporter": "spec",
        "useInlineDiffs": false,
        "code": true
      },
      "version": "6.2.2"
    },
    "marge": {
      "options": null,
      "version": "5.2.0"
    }
  }
}